{
  "C:\\Users\\Vados\\projects\\SportApp\\frontend\\main\\src\\features\\auth\\api\\index.ts": {
    "path": "C:\\Users\\Vados\\projects\\SportApp\\frontend\\main\\src\\features\\auth\\api\\index.ts",
    "all": false,
    "statementMap": {
      "0": {
        "start": { "line": 1, "column": 0 },
        "end": { "line": 1, "column": 73 }
      },
      "1": {
        "start": { "line": 2, "column": 0 },
        "end": { "line": 2, "column": 30 }
      },
      "2": {
        "start": { "line": 3, "column": 0 },
        "end": { "line": 3, "column": 55 }
      },
      "3": {
        "start": { "line": 4, "column": 0 },
        "end": { "line": 4, "column": 0 }
      },
      "4": {
        "start": { "line": 5, "column": 0 },
        "end": { "line": 5, "column": 79 }
      },
      "5": {
        "start": { "line": 6, "column": 0 },
        "end": { "line": 6, "column": 7 }
      },
      "6": {
        "start": { "line": 7, "column": 0 },
        "end": { "line": 7, "column": 72 }
      },
      "7": {
        "start": { "line": 8, "column": 0 },
        "end": { "line": 8, "column": 59 }
      },
      "8": {
        "start": { "line": 9, "column": 0 },
        "end": { "line": 9, "column": 67 }
      },
      "9": {
        "start": { "line": 10, "column": 0 },
        "end": { "line": 10, "column": 25 }
      },
      "10": {
        "start": { "line": 11, "column": 0 },
        "end": { "line": 11, "column": 15 }
      },
      "11": {
        "start": { "line": 12, "column": 0 },
        "end": { "line": 12, "column": 35 }
      },
      "12": {
        "start": { "line": 13, "column": 0 },
        "end": { "line": 13, "column": 3 }
      },
      "13": {
        "start": { "line": 14, "column": 0 },
        "end": { "line": 14, "column": 2 }
      },
      "14": {
        "start": { "line": 15, "column": 0 },
        "end": { "line": 15, "column": 0 }
      },
      "15": {
        "start": { "line": 16, "column": 0 },
        "end": { "line": 16, "column": 72 }
      },
      "16": {
        "start": { "line": 17, "column": 0 },
        "end": { "line": 17, "column": 29 }
      },
      "17": {
        "start": { "line": 18, "column": 0 },
        "end": { "line": 18, "column": 7 }
      },
      "18": {
        "start": { "line": 19, "column": 0 },
        "end": { "line": 19, "column": 73 }
      },
      "19": {
        "start": { "line": 20, "column": 0 },
        "end": { "line": 20, "column": 59 }
      },
      "20": {
        "start": { "line": 21, "column": 0 },
        "end": { "line": 21, "column": 67 }
      },
      "21": {
        "start": { "line": 22, "column": 0 },
        "end": { "line": 22, "column": 25 }
      },
      "22": {
        "start": { "line": 23, "column": 0 },
        "end": { "line": 23, "column": 15 }
      },
      "23": {
        "start": { "line": 24, "column": 0 },
        "end": { "line": 24, "column": 35 }
      },
      "24": {
        "start": { "line": 25, "column": 0 },
        "end": { "line": 25, "column": 3 }
      },
      "25": {
        "start": { "line": 26, "column": 0 },
        "end": { "line": 26, "column": 2 }
      }
    },
    "s": {
      "0": 1,
      "1": 1,
      "2": 1,
      "3": 1,
      "4": 1,
      "5": 0,
      "6": 0,
      "7": 0,
      "8": 0,
      "9": 0,
      "10": 0,
      "11": 0,
      "12": 0,
      "13": 0,
      "14": 1,
      "15": 1,
      "16": 1,
      "17": 1,
      "18": 1,
      "19": 0,
      "20": 0,
      "21": 0,
      "22": 1,
      "23": 1,
      "24": 1,
      "25": 1
    },
    "branchMap": {
      "0": {
        "type": "branch",
        "line": 16,
        "loc": {
          "start": { "line": 16, "column": 26 },
          "end": { "line": 26, "column": 2 }
        },
        "locations": [
          {
            "start": { "line": 16, "column": 26 },
            "end": { "line": 26, "column": 2 }
          }
        ]
      },
      "1": {
        "type": "branch",
        "line": 16,
        "loc": {
          "start": { "line": 16, "column": 70 },
          "end": { "line": 26, "column": 2 }
        },
        "locations": [
          {
            "start": { "line": 16, "column": 70 },
            "end": { "line": 26, "column": 2 }
          }
        ]
      },
      "2": {
        "type": "branch",
        "line": 20,
        "loc": {
          "start": { "line": 20, "column": -1 },
          "end": { "line": 23, "column": 11 }
        },
        "locations": [
          {
            "start": { "line": 20, "column": -1 },
            "end": { "line": 23, "column": 11 }
          }
        ]
      }
    },
    "b": { "0": [1], "1": [1], "2": [0] },
    "fnMap": {
      "0": {
        "name": "authLogin",
        "decl": {
          "start": { "line": 5, "column": 25 },
          "end": { "line": 14, "column": 2 }
        },
        "loc": {
          "start": { "line": 5, "column": 25 },
          "end": { "line": 14, "column": 2 }
        },
        "line": 5
      },
      "1": {
        "name": "authSignup",
        "decl": {
          "start": { "line": 16, "column": 26 },
          "end": { "line": 26, "column": 2 }
        },
        "loc": {
          "start": { "line": 16, "column": 26 },
          "end": { "line": 26, "column": 2 }
        },
        "line": 16
      }
    },
    "f": { "0": 0, "1": 1 }
  }
}
